2014-12-29T06:56:23+00:00 DEBUG (7): 51.6100
2014-12-29T06:56:23+00:00 DEBUG (7): 53.21
2014-12-29T06:59:20+00:00 DEBUG (7): 51.6100
2014-12-29T06:59:20+00:00 DEBUG (7): 53.21
2014-12-29T06:59:31+00:00 DEBUG (7): 51.6100
2014-12-29T06:59:31+00:00 DEBUG (7): 53.21
2014-12-29T07:01:12+00:00 DEBUG (7): 51.6100
2014-12-29T07:01:12+00:00 DEBUG (7): 53.21
2014-12-29T07:05:35+00:00 DEBUG (7): 51.6100
2014-12-29T07:05:35+00:00 DEBUG (7): 53.21
2014-12-29T07:05:51+00:00 DEBUG (7): 51.6100
2014-12-29T07:05:51+00:00 DEBUG (7): 53.21
2014-12-29T07:08:30+00:00 DEBUG (7): 51.6100
2014-12-29T07:08:30+00:00 DEBUG (7): 53.21
2014-12-29T07:11:43+00:00 DEBUG (7): 51.6100
2014-12-29T07:11:43+00:00 DEBUG (7): 53.21
2014-12-29T07:12:04+00:00 DEBUG (7): 51.6100
2014-12-29T07:12:04+00:00 DEBUG (7): 53.21
2014-12-29T07:12:56+00:00 DEBUG (7): 51.6100
2014-12-29T07:12:56+00:00 DEBUG (7): 53.21
2014-12-29T07:15:16+00:00 DEBUG (7): 51.6100
2014-12-29T07:15:16+00:00 DEBUG (7): 53.21
2014-12-29T07:15:31+00:00 DEBUG (7): 51.6100
2014-12-29T07:15:31+00:00 DEBUG (7): 53.21
2014-12-29T07:16:00+00:00 DEBUG (7): 51.6100
2014-12-29T07:16:00+00:00 DEBUG (7): 53.21
2014-12-29T07:19:27+00:00 DEBUG (7): 51.6100
2014-12-29T07:19:27+00:00 DEBUG (7): 53.21
2014-12-29T07:20:02+00:00 DEBUG (7): 51.6100
2014-12-29T07:20:02+00:00 DEBUG (7): 53.21
2014-12-29T07:20:20+00:00 DEBUG (7): 51.6100
2014-12-29T07:20:20+00:00 DEBUG (7): 53.21
2014-12-29T07:21:15+00:00 DEBUG (7): 51.6100
2014-12-29T07:21:15+00:00 DEBUG (7): 53.21
2014-12-29T07:21:15+00:00 DEBUG (7): 102.0100
2014-12-29T07:22:12+00:00 DEBUG (7): 51.6100
2014-12-29T07:22:12+00:00 DEBUG (7): 53.21
2014-12-29T07:22:12+00:00 DEBUG (7): 102.0100
2014-12-29T07:22:39+00:00 DEBUG (7): 51.6100
2014-12-29T07:22:39+00:00 DEBUG (7): 53.21
2014-12-29T07:22:39+00:00 DEBUG (7): 102.0100
2014-12-29T07:23:21+00:00 DEBUG (7): 51.6100
2014-12-29T07:23:21+00:00 DEBUG (7): 53.21
2014-12-29T07:23:21+00:00 DEBUG (7): 102.0100
2014-12-29T07:46:45+00:00 DEBUG (7): Array
(
    [pickup_point] => Array
        (
            [id] => 1155
            [pinCode] => 2630
        )

    [result] => Array
        (
            [state] => 
            [status] => 
            [coupon_code] => 
            [protect_code] => 3a3f13
            [shipping_description] => Wineshop - Delivery to pickup point
            [is_virtual] => 0
            [store_id] => 1
            [customer_id] => 8
            [base_discount_amount] => 0.0000
            [base_discount_canceled] => 
            [base_discount_invoiced] => 
            [base_discount_refunded] => 
            [base_grand_total] => 170.9975
            [base_shipping_amount] => 102.0000
            [base_shipping_canceled] => 
            [base_shipping_invoiced] => 
            [base_shipping_refunded] => 
            [base_shipping_tax_amount] => 0.0000
            [base_shipping_tax_refunded] => 
            [base_subtotal] => 46.0100
            [base_subtotal_canceled] => 
            [base_subtotal_invoiced] => 
            [base_subtotal_refunded] => 
            [base_tax_amount] => 22.9875
            [base_tax_canceled] => 
            [base_tax_invoiced] => 
            [base_tax_refunded] => 
            [base_to_global_rate] => 1.0000
            [base_to_order_rate] => 1.0000
            [base_total_canceled] => 
            [base_total_invoiced] => 
            [base_total_invoiced_cost] => 
            [base_total_offline_refunded] => 
            [base_total_online_refunded] => 
            [base_total_paid] => 
            [base_total_qty_ordered] => 
            [base_total_refunded] => 
            [discount_amount] => 0.0000
            [discount_canceled] => 
            [discount_invoiced] => 
            [discount_refunded] => 
            [grand_total] => 170.9975
            [shipping_amount] => 102.0000
            [shipping_canceled] => 
            [shipping_invoiced] => 
            [shipping_refunded] => 
            [shipping_tax_amount] => 0.0000
            [shipping_tax_refunded] => 
            [store_to_base_rate] => 1.0000
            [store_to_order_rate] => 1.0000
            [subtotal] => 46.0100
            [subtotal_canceled] => 
            [subtotal_invoiced] => 
            [subtotal_refunded] => 
            [tax_amount] => 22.9875
            [tax_canceled] => 
            [tax_invoiced] => 
            [tax_refunded] => 
            [total_canceled] => 
            [total_invoiced] => 
            [total_offline_refunded] => 
            [total_online_refunded] => 
            [total_paid] => 
            [total_qty_ordered] => 1.0000
            [total_refunded] => 
            [can_ship_partially] => 
            [can_ship_partially_item] => 
            [customer_is_guest] => 0
            [customer_note_notify] => 1
            [billing_address_id] => 305
            [customer_group_id] => 1
            [edit_increment] => 
            [email_sent] => 
            [forced_shipment_with_invoice] => 
            [payment_auth_expiration] => 
            [quote_address_id] => 
            [quote_id] => 201
            [shipping_address_id] => 306
            [adjustment_negative] => 
            [adjustment_positive] => 
            [base_adjustment_negative] => 
            [base_adjustment_positive] => 
            [base_shipping_discount_amount] => 0.0000
            [base_subtotal_incl_tax] => 
            [base_total_due] => 
            [payment_authorization_amount] => 
            [shipping_discount_amount] => 0.0000
            [subtotal_incl_tax] => 
            [total_due] => 
            [weight] => 0.0000
            [customer_dob] => 
            [increment_id] => 100000079
            [applied_rule_ids] => 
            [base_currency_code] => DKK
            [customer_email] => karthik@confianzit.biz
            [customer_firstname] => Karthik
            [customer_lastname] => KM
            [customer_middlename] => 
            [customer_prefix] => 
            [customer_suffix] => 
            [customer_taxvat] => 
            [discount_description] => 
            [ext_customer_id] => 
            [ext_order_id] => 
            [global_currency_code] => DKK
            [hold_before_state] => 
            [hold_before_status] => 
            [order_currency_code] => DKK
            [original_increment_id] => 
            [relation_child_id] => 
            [relation_child_real_id] => 
            [relation_parent_id] => 
            [relation_parent_real_id] => 
            [remote_ip] => 10.254.101.41
            [shipping_method] => confianz_shipping_delivery_to_pickuppoint
            [store_currency_code] => DKK
            [store_name] => Elektronik
Elek
Vinbutik
            [x_forwarded_for] => 
            [customer_note] => 
            [created_at] => 2014-12-29 07:46:34
            [updated_at] => 2014-12-29 07:46:34
            [total_item_count] => 1
            [customer_gender] => 
            [hidden_tax_amount] => 0.0000
            [base_hidden_tax_amount] => 0.0000
            [shipping_hidden_tax_amount] => 0.0000
            [base_shipping_hidden_tax_amnt] => 0.0000
            [hidden_tax_invoiced] => 
            [base_hidden_tax_invoiced] => 
            [hidden_tax_refunded] => 
            [base_hidden_tax_refunded] => 
            [shipping_incl_tax] => 102.0000
            [base_shipping_incl_tax] => 102.0000
            [coupon_rule_name] => 
            [paypal_ipn_customer_notified] => 0
            [gift_message_id] => 
            [payment_authorization_expiration] => 
            [forced_do_shipment_with_invoice] => 
            [base_shipping_hidden_tax_amount] => 0.0000
            [shipping_address] => Array
                (
                    [parent_id] => 153
                    [customer_address_id] => 34
                    [quote_address_id] => 
                    [region_id] => 
                    [customer_id] => 8
                    [fax] => 
                    [region] => 
                    [postcode] => 2630
                    [lastname] => KM
                    [street] => WER street
                    [city] => TVM
                    [email] => karthik@confianzit.biz
                    [telephone] => 8888888
                    [country_id] => DK
                    [firstname] => Karthik
                    [address_type] => shipping
                    [prefix] => 
                    [middlename] => 
                    [suffix] => 
                    [company] => 
                    [vat_id] => 
                    [vat_is_valid] => 
                    [vat_request_id] => 
                    [vat_request_date] => 
                    [vat_request_success] => 
                )

            [billing_address] => Array
                (
                    [parent_id] => 153
                    [customer_address_id] => 34
                    [quote_address_id] => 
                    [region_id] => 
                    [customer_id] => 8
                    [fax] => 
                    [region] => 
                    [postcode] => 2630
                    [lastname] => KM
                    [street] => WER street
                    [city] => TVM
                    [email] => karthik@confianzit.biz
                    [telephone] => 8888888
                    [country_id] => DK
                    [firstname] => Karthik
                    [address_type] => billing
                    [prefix] => 
                    [middlename] => 
                    [suffix] => 
                    [company] => 
                    [vat_id] => 
                    [vat_is_valid] => 
                    [vat_request_id] => 
                    [vat_request_date] => 
                    [vat_request_success] => 
                )

            [items] => Array
                (
                    [0] => Array
                        (
                            [item_id] => 384
                            [order_id] => 153
                            [parent_item_id] => 
                            [quote_item_id] => 306
                            [store_id] => 1
                            [created_at] => 2014-12-29 07:46:35
                            [updated_at] => 2014-12-29 07:46:35
                            [product_id] => 527
                            [product_type] => simple
                            [product_options] => a:1:{s:15:"info_buyRequest";a:3:{s:4:"uenc";s:72:"aHR0cDovLzEwLjI1NC4xMDEuNzUvd2luZXNob3AvaW5kZXgucGhwL3Byb2R1Y3RzLmh0bWw,";s:7:"product";s:3:"527";s:3:"qty";i:1;}}
                            [weight] => 0.0000
                            [is_virtual] => 0
                            [sku] => SC11
                            [name] => Branciforti Nero d'Avola Sicilia IGT 2011
                            [description] => 
                            [applied_rule_ids] => 
                            [additional_data] => 
                            [free_shipping] => 0
                            [is_qty_decimal] => 0
                            [no_discount] => 0
                            [qty_backordered] => 
                            [qty_canceled] => 0.0000
                            [qty_invoiced] => 0.0000
                            [qty_ordered] => 1.0000
                            [qty_refunded] => 0.0000
                            [qty_shipped] => 0.0000
                            [base_cost] => 
                            [price] => 46.0100
                            [base_price] => 46.0100
                            [original_price] => 46.0100
                            [base_original_price] => 46.0100
                            [tax_percent] => 0.2500
                            [tax_amount] => 13.8000
                            [base_tax_amount] => 13.8000
                            [tax_invoiced] => 0.0000
                            [base_tax_invoiced] => 0.0000
                            [discount_percent] => 0.0000
                            [discount_amount] => 0.0000
                            [base_discount_amount] => 0.0000
                            [discount_invoiced] => 0.0000
                            [base_discount_invoiced] => 0.0000
                            [amount_refunded] => 0.0000
                            [base_amount_refunded] => 0.0000
                            [row_total] => 46.0100
                            [base_row_total] => 46.0100
                            [row_invoiced] => 0.0000
                            [base_row_invoiced] => 0.0000
                            [row_weight] => 0.0000
                            [base_tax_before_discount] => 
                            [tax_before_discount] => 
                            [ext_order_item_id] => 
                            [locked_do_invoice] => 
                            [locked_do_ship] => 
                            [price_incl_tax] => 
                            [base_price_incl_tax] => 
                            [row_total_incl_tax] => 
                            [base_row_total_incl_tax] => 
                            [hidden_tax_amount] => 
                            [base_hidden_tax_amount] => 
                            [hidden_tax_invoiced] => 
                            [base_hidden_tax_invoiced] => 
                            [hidden_tax_refunded] => 
                            [base_hidden_tax_refunded] => 
                            [is_nominal] => 0
                            [tax_canceled] => 
                            [hidden_tax_canceled] => 
                            [tax_refunded] => 
                            [base_tax_refunded] => 
                            [discount_refunded] => 
                            [base_discount_refunded] => 
                            [gift_message_id] => 
                            [gift_message_available] => 0
                            [base_weee_tax_applied_amount] => 9.1875
                            [base_weee_tax_applied_row_amnt] => 9.1875
                            [base_weee_tax_applied_row_amount] => 9.1875
                            [weee_tax_applied_amount] => 9.1875
                            [weee_tax_applied_row_amount] => 9.1875
                            [weee_tax_applied] => a:1:{i:0;a:9:{s:5:"title";s:8:"Wine Tax";s:11:"base_amount";s:6:"9.1875";s:6:"amount";d:9.1875;s:10:"row_amount";d:9.1875;s:15:"base_row_amount";d:9.1875;s:20:"base_amount_incl_tax";s:6:"9.1875";s:15:"amount_incl_tax";d:9.1875;s:19:"row_amount_incl_tax";d:9.1875;s:24:"base_row_amount_incl_tax";d:9.1875;}}
                            [weee_tax_disposition] => 0.0000
                            [weee_tax_row_disposition] => 0.0000
                            [base_weee_tax_disposition] => 0.0000
                            [base_weee_tax_row_disposition] => 0.0000
                        )

                )

            [payment] => Array
                (
                    [parent_id] => 153
                    [base_shipping_captured] => 
                    [shipping_captured] => 
                    [amount_refunded] => 
                    [base_amount_paid] => 
                    [amount_canceled] => 
                    [base_amount_authorized] => 
                    [base_amount_paid_online] => 
                    [base_amount_refunded_online] => 
                    [base_shipping_amount] => 
                    [shipping_amount] => 
                    [amount_paid] => 
                    [amount_authorized] => 
                    [base_amount_ordered] => 
                    [base_shipping_refunded] => 
                    [shipping_refunded] => 
                    [base_amount_refunded] => 
                    [amount_ordered] => 
                    [base_amount_canceled] => 
                    [quote_payment_id] => 
                    [additional_data] => 
                    [cc_exp_month] => 0
                    [cc_ss_start_year] => 0
                    [echeck_bank_name] => 
                    [method] => epay_standard
                    [cc_debug_request_body] => 
                    [cc_secure_verify] => 
                    [protection_eligibility] => 
                    [cc_approval] => 
                    [cc_last4] => 
                    [cc_status_description] => 
                    [echeck_type] => 
                    [cc_debug_response_serialized] => 
                    [cc_ss_start_month] => 0
                    [echeck_account_type] => 
                    [last_trans_id] => 
                    [cc_cid_status] => 
                    [cc_owner] => 
                    [cc_type] => 
                    [po_number] => 
                    [cc_exp_year] => 0
                    [cc_status] => 
                    [echeck_routing_number] => 
                    [account_status] => 
                    [anet_trans_method] => 
                    [cc_debug_response_body] => 
                    [cc_ss_issue] => 
                    [echeck_account_name] => 
                    [cc_avs_status] => 
                    [cc_number_enc] => 
                    [cc_trans_id] => 
                    [paybox_request_number] => 
                    [address_status] => 
                    [additional_information] => Array
                        (
                        )

                )

            [status_history] => Array
                (
                )

        )

)

2014-12-29T09:28:15+00:00 DEBUG (7): Array
(
    [pickup_point] => Array
        (
            [id] => 1097
            [pinCode] => 2600
        )

    [result] => Array
        (
            [state] => 
            [status] => 
            [coupon_code] => 
            [protect_code] => 1543e7
            [shipping_description] => Wineshop - Delivery to pickup point
            [is_virtual] => 0
            [store_id] => 1
            [customer_id] => 8
            [base_discount_amount] => 0.0000
            [base_discount_canceled] => 
            [base_discount_invoiced] => 
            [base_discount_refunded] => 
            [base_grand_total] => 164.3975
            [base_shipping_amount] => 102.0000
            [base_shipping_canceled] => 
            [base_shipping_invoiced] => 
            [base_shipping_refunded] => 
            [base_shipping_tax_amount] => 0.0000
            [base_shipping_tax_refunded] => 
            [base_subtotal] => 53.2100
            [base_subtotal_canceled] => 
            [base_subtotal_invoiced] => 
            [base_subtotal_refunded] => 
            [base_tax_amount] => 9.1875
            [base_tax_canceled] => 
            [base_tax_invoiced] => 
            [base_tax_refunded] => 
            [base_to_global_rate] => 1.0000
            [base_to_order_rate] => 1.0000
            [base_total_canceled] => 
            [base_total_invoiced] => 
            [base_total_invoiced_cost] => 
            [base_total_offline_refunded] => 
            [base_total_online_refunded] => 
            [base_total_paid] => 
            [base_total_qty_ordered] => 
            [base_total_refunded] => 
            [discount_amount] => 0.0000
            [discount_canceled] => 
            [discount_invoiced] => 
            [discount_refunded] => 
            [grand_total] => 164.3975
            [shipping_amount] => 102.0000
            [shipping_canceled] => 
            [shipping_invoiced] => 
            [shipping_refunded] => 
            [shipping_tax_amount] => 0.0000
            [shipping_tax_refunded] => 
            [store_to_base_rate] => 1.0000
            [store_to_order_rate] => 1.0000
            [subtotal] => 53.2100
            [subtotal_canceled] => 
            [subtotal_invoiced] => 
            [subtotal_refunded] => 
            [tax_amount] => 9.1875
            [tax_canceled] => 
            [tax_invoiced] => 
            [tax_refunded] => 
            [total_canceled] => 
            [total_invoiced] => 
            [total_offline_refunded] => 
            [total_online_refunded] => 
            [total_paid] => 
            [total_qty_ordered] => 1.0000
            [total_refunded] => 
            [can_ship_partially] => 
            [can_ship_partially_item] => 
            [customer_is_guest] => 0
            [customer_note_notify] => 1
            [billing_address_id] => 309
            [customer_group_id] => 1
            [edit_increment] => 
            [email_sent] => 
            [forced_shipment_with_invoice] => 
            [payment_auth_expiration] => 
            [quote_address_id] => 
            [quote_id] => 202
            [shipping_address_id] => 310
            [adjustment_negative] => 
            [adjustment_positive] => 
            [base_adjustment_negative] => 
            [base_adjustment_positive] => 
            [base_shipping_discount_amount] => 0.0000
            [base_subtotal_incl_tax] => 
            [base_total_due] => 
            [payment_authorization_amount] => 
            [shipping_discount_amount] => 0.0000
            [subtotal_incl_tax] => 
            [total_due] => 
            [weight] => 0.0000
            [customer_dob] => 
            [increment_id] => 100000080
            [applied_rule_ids] => 
            [base_currency_code] => DKK
            [customer_email] => karthik@confianzit.biz
            [customer_firstname] => Karthik
            [customer_lastname] => KM
            [customer_middlename] => 
            [customer_prefix] => 
            [customer_suffix] => 
            [customer_taxvat] => 
            [discount_description] => 
            [ext_customer_id] => 
            [ext_order_id] => 
            [global_currency_code] => DKK
            [hold_before_state] => 
            [hold_before_status] => 
            [order_currency_code] => DKK
            [original_increment_id] => 
            [relation_child_id] => 
            [relation_child_real_id] => 
            [relation_parent_id] => 
            [relation_parent_real_id] => 
            [remote_ip] => 10.254.101.41
            [shipping_method] => confianz_shipping_delivery_to_pickuppoint
            [store_currency_code] => DKK
            [store_name] => Elektronik
Elek
Vinbutik
            [x_forwarded_for] => 
            [customer_note] => 
            [created_at] => 2014-12-29 09:27:59
            [updated_at] => 2014-12-29 09:27:59
            [total_item_count] => 1
            [customer_gender] => 
            [hidden_tax_amount] => 0.0000
            [base_hidden_tax_amount] => 0.0000
            [shipping_hidden_tax_amount] => 0.0000
            [base_shipping_hidden_tax_amnt] => 0.0000
            [hidden_tax_invoiced] => 
            [base_hidden_tax_invoiced] => 
            [hidden_tax_refunded] => 
            [base_hidden_tax_refunded] => 
            [shipping_incl_tax] => 102.0000
            [base_shipping_incl_tax] => 102.0000
            [coupon_rule_name] => 
            [paypal_ipn_customer_notified] => 0
            [gift_message_id] => 
            [payment_authorization_expiration] => 
            [forced_do_shipment_with_invoice] => 
            [base_shipping_hidden_tax_amount] => 0.0000
            [shipping_address] => Array
                (
                    [parent_id] => 155
                    [customer_address_id] => 34
                    [quote_address_id] => 
                    [region_id] => 
                    [customer_id] => 8
                    [fax] => 
                    [region] => 
                    [postcode] => 2630
                    [lastname] => KM
                    [street] => WER street
                    [city] => TVM
                    [email] => karthik@confianzit.biz
                    [telephone] => 8888888
                    [country_id] => DK
                    [firstname] => Karthik
                    [address_type] => shipping
                    [prefix] => 
                    [middlename] => 
                    [suffix] => 
                    [company] => 
                    [vat_id] => 
                    [vat_is_valid] => 
                    [vat_request_id] => 
                    [vat_request_date] => 
                    [vat_request_success] => 
                )

            [billing_address] => Array
                (
                    [parent_id] => 155
                    [customer_address_id] => 34
                    [quote_address_id] => 
                    [region_id] => 
                    [customer_id] => 8
                    [fax] => 
                    [region] => 
                    [postcode] => 2630
                    [lastname] => KM
                    [street] => WER street
                    [city] => TVM
                    [email] => karthik@confianzit.biz
                    [telephone] => 8888888
                    [country_id] => DK
                    [firstname] => Karthik
                    [address_type] => billing
                    [prefix] => 
                    [middlename] => 
                    [suffix] => 
                    [company] => 
                    [vat_id] => 
                    [vat_is_valid] => 
                    [vat_request_id] => 
                    [vat_request_date] => 
                    [vat_request_success] => 
                )

            [items] => Array
                (
                    [0] => Array
                        (
                            [item_id] => 386
                            [order_id] => 155
                            [parent_item_id] => 
                            [quote_item_id] => 307
                            [store_id] => 1
                            [created_at] => 2014-12-29 09:27:59
                            [updated_at] => 2014-12-29 09:27:59
                            [product_id] => 531
                            [product_type] => simple
                            [product_options] => a:1:{s:15:"info_buyRequest";a:3:{s:4:"uenc";s:72:"aHR0cDovLzEwLjI1NC4xMDEuNzUvd2luZXNob3AvaW5kZXgucGhwL3Byb2R1Y3RzLmh0bWw,";s:7:"product";s:3:"531";s:3:"qty";i:1;}}
                            [weight] => 0.0000
                            [is_virtual] => 0
                            [sku] => SD05
                            [name] => Carignano del Sulcis Grotta Rossa DOC 2011
                            [description] => 
                            [applied_rule_ids] => 
                            [additional_data] => 
                            [free_shipping] => 0
                            [is_qty_decimal] => 0
                            [no_discount] => 0
                            [qty_backordered] => 
                            [qty_canceled] => 0.0000
                            [qty_invoiced] => 0.0000
                            [qty_ordered] => 1.0000
                            [qty_refunded] => 0.0000
                            [qty_shipped] => 0.0000
                            [base_cost] => 
                            [price] => 53.2100
                            [base_price] => 53.2100
                            [original_price] => 53.2100
                            [base_original_price] => 53.2100
                            [tax_percent] => 0.0000
                            [tax_amount] => 0.0000
                            [base_tax_amount] => 0.0000
                            [tax_invoiced] => 0.0000
                            [base_tax_invoiced] => 0.0000
                            [discount_percent] => 0.0000
                            [discount_amount] => 0.0000
                            [base_discount_amount] => 0.0000
                            [discount_invoiced] => 0.0000
                            [base_discount_invoiced] => 0.0000
                            [amount_refunded] => 0.0000
                            [base_amount_refunded] => 0.0000
                            [row_total] => 53.2100
                            [base_row_total] => 53.2100
                            [row_invoiced] => 0.0000
                            [base_row_invoiced] => 0.0000
                            [row_weight] => 0.0000
                            [base_tax_before_discount] => 
                            [tax_before_discount] => 
                            [ext_order_item_id] => 
                            [locked_do_invoice] => 
                            [locked_do_ship] => 
                            [price_incl_tax] => 
                            [base_price_incl_tax] => 
                            [row_total_incl_tax] => 
                            [base_row_total_incl_tax] => 
                            [hidden_tax_amount] => 
                            [base_hidden_tax_amount] => 
                            [hidden_tax_invoiced] => 
                            [base_hidden_tax_invoiced] => 
                            [hidden_tax_refunded] => 
                            [base_hidden_tax_refunded] => 
                            [is_nominal] => 0
                            [tax_canceled] => 
                            [hidden_tax_canceled] => 
                            [tax_refunded] => 
                            [base_tax_refunded] => 
                            [discount_refunded] => 
                            [base_discount_refunded] => 
                            [gift_message_id] => 
                            [gift_message_available] => 0
                            [base_weee_tax_applied_amount] => 9.1875
                            [base_weee_tax_applied_row_amnt] => 9.1875
                            [base_weee_tax_applied_row_amount] => 9.1875
                            [weee_tax_applied_amount] => 9.1875
                            [weee_tax_applied_row_amount] => 9.1875
                            [weee_tax_applied] => a:1:{i:0;a:9:{s:5:"title";s:8:"Wine Tax";s:11:"base_amount";s:6:"9.1875";s:6:"amount";d:9.1875;s:10:"row_amount";d:9.1875;s:15:"base_row_amount";d:9.1875;s:20:"base_amount_incl_tax";s:6:"9.1875";s:15:"amount_incl_tax";d:9.1875;s:19:"row_amount_incl_tax";d:9.1875;s:24:"base_row_amount_incl_tax";d:9.1875;}}
                            [weee_tax_disposition] => 0.0000
                            [weee_tax_row_disposition] => 0.0000
                            [base_weee_tax_disposition] => 0.0000
                            [base_weee_tax_row_disposition] => 0.0000
                        )

                )

            [payment] => Array
                (
                    [parent_id] => 155
                    [base_shipping_captured] => 
                    [shipping_captured] => 
                    [amount_refunded] => 
                    [base_amount_paid] => 
                    [amount_canceled] => 
                    [base_amount_authorized] => 
                    [base_amount_paid_online] => 
                    [base_amount_refunded_online] => 
                    [base_shipping_amount] => 
                    [shipping_amount] => 
                    [amount_paid] => 
                    [amount_authorized] => 
                    [base_amount_ordered] => 
                    [base_shipping_refunded] => 
                    [shipping_refunded] => 
                    [base_amount_refunded] => 
                    [amount_ordered] => 
                    [base_amount_canceled] => 
                    [quote_payment_id] => 
                    [additional_data] => 
                    [cc_exp_month] => 0
                    [cc_ss_start_year] => 0
                    [echeck_bank_name] => 
                    [method] => epay_standard
                    [cc_debug_request_body] => 
                    [cc_secure_verify] => 
                    [protection_eligibility] => 
                    [cc_approval] => 
                    [cc_last4] => 
                    [cc_status_description] => 
                    [echeck_type] => 
                    [cc_debug_response_serialized] => 
                    [cc_ss_start_month] => 0
                    [echeck_account_type] => 
                    [last_trans_id] => 
                    [cc_cid_status] => 
                    [cc_owner] => 
                    [cc_type] => 
                    [po_number] => 
                    [cc_exp_year] => 0
                    [cc_status] => 
                    [echeck_routing_number] => 
                    [account_status] => 
                    [anet_trans_method] => 
                    [cc_debug_response_body] => 
                    [cc_ss_issue] => 
                    [echeck_account_name] => 
                    [cc_avs_status] => 
                    [cc_number_enc] => 
                    [cc_trans_id] => 
                    [paybox_request_number] => 
                    [address_status] => 
                    [additional_information] => Array
                        (
                        )

                )

            [status_history] => Array
                (
                )

        )

)

